<?xml version="1.0" encoding="UTF-8"?>
<testsuites name="jest tests" tests="10" failures="0" time="6.264">
  <testsuite name="Process Details component" errors="0" failures="0" skipped="0" timestamp="2019-11-08T06:11:49" time="4.098" tests="2">
    <testcase classname="Process Details component Snapshot tests" name="Process Details component Snapshot tests" time="0.013">
    </testcase>
    <testcase classname="Process Details component Sample test case" name="Process Details component Sample test case" time="0.006">
    </testcase>
  </testsuite>
  <testsuite name="Process Details Diagram component" errors="0" failures="0" skipped="0" timestamp="2019-11-08T06:11:49" time="4.103" tests="1">
    <testcase classname="Process Details Diagram component Snapshot tests" name="Process Details Diagram component Snapshot tests" time="0.019">
    </testcase>
  </testsuite>
  <testsuite name="Process Variables component" errors="0" failures="0" skipped="0" timestamp="2019-11-08T06:11:49" time="4.104" tests="2">
    <testcase classname="Process Variables component Sample test case" name="Process Variables component Sample test case" time="0.012">
    </testcase>
    <testcase classname="Process Variables component Assertion for props" name="Process Variables component Assertion for props" time="0.003">
    </testcase>
  </testsuite>
  <testsuite name="Process Details Timeline component" errors="0" failures="0" skipped="0" timestamp="2019-11-08T06:11:49" time="4.105" tests="3">
    <testcase classname="Process Details Timeline component Sample test case" name="Process Details Timeline component Sample test case" time="0.024">
    </testcase>
    <testcase classname="Process Details Timeline component Sample test case" name="Process Details Timeline component Sample test case" time="0.003">
    </testcase>
    <testcase classname="Process Details Timeline component test human task" name="Process Details Timeline component test human task" time="0.002">
    </testcase>
  </testsuite>
  <testsuite name="Process Details Page component" errors="0" failures="0" skipped="0" timestamp="2019-11-08T06:11:49" time="4.195" tests="1">
    <testcase classname="Process Details Page component Sample test case" name="Process Details Page component Sample test case" time="0.029">
    </testcase>
  </testsuite>
  <testsuite name="undefined" errors="0" failures="0" skipped="0" timestamp="2019-11-08T06:11:49" time="4.463" tests="1">
    <testcase classname=" Sample test case" name=" Sample test case" time="0.007">
    </testcase>
  </testsuite>
</testsuites>